2025-11-10 00:05:07,222 - root - ERROR - Критическая ошибка при запуске бота
Traceback (most recent call last):
  File "C:\IDE\repository\agents_for_david\telegram_bot.py", line 48, in main
    print(f"  • Макс. пользователей: {config.max_concurrent_users}")
                                      ^^^^^^^^^^^^^^^^^^^^^^^^^^^
AttributeError: 'TelegramBotConfig' object has no attribute 'max_concurrent_users'
2025-11-10 00:05:32,846 - thermo_agents.telegram.bot - INFO - Initializing ThermoSystem Telegram Bot...
2025-11-10 00:05:32,847 - thermo_agents.orchestrator - INFO - Инициализация оркестратора с core-логикой (Этап 2)
2025-11-10 00:05:33,159 - thermo_agents.thermodynamic_agent - INFO - ThermodynamicAgent 'thermo_agent' initialized
2025-11-10 00:05:33,160 - thermo_agents.orchestrator - INFO - ✅ ThermodynamicAgent инициализирован
2025-11-10 00:05:33,160 - thermo_agents.search.database_connector - INFO - DatabaseConnector initialized with path: data\thermo_data.db
2025-11-10 00:05:33,160 - thermo_agents.orchestrator - INFO - ✅ DatabaseConnector инициализирован: data\thermo_data.db
2025-11-10 00:05:33,160 - thermo_agents.storage.static_data_manager.StaticDataManager - INFO - StaticDataManager initialized: data\static_compounds
2025-11-10 00:05:33,161 - thermo_agents.orchestrator - INFO - ✅ StaticDataManager инициализирован: 10 веществ
2025-11-10 00:05:33,161 - thermo_agents.orchestrator - INFO - ✅ Core-логика компоненты инициализированы
2025-11-10 00:05:33,161 - thermo_agents.orchestrator - INFO - ✅ Новые форматтеры инициализированы (Этап 3)
2025-11-10 00:05:33,161 - thermo_agents.telegram.thermo_adapter - INFO - ThermoOrchestrator успешно инициализирован
2025-11-10 00:05:33,161 - thermo_agents.telegram.bot - ERROR - Failed to initialize bot: Defaults.__init__() got an unexpected keyword argument 'disable_web_page_preview'
2025-11-10 00:05:33,161 - thermo_agents.telegram.bot - ERROR - Error starting bot: Defaults.__init__() got an unexpected keyword argument 'disable_web_page_preview'
2025-11-10 00:05:33,162 - root - ERROR - Критическая ошибка при запуске бота
Traceback (most recent call last):
  File "C:\IDE\repository\agents_for_david\telegram_bot.py", line 66, in main
    await bot.start()
  File "C:\IDE\repository\agents_for_david\src\thermo_agents\telegram\bot.py", line 252, in start
    await self.initialize()
  File "C:\IDE\repository\agents_for_david\src\thermo_agents\telegram\bot.py", line 88, in initialize
    .defaults(Defaults(
              ^^^^^^^^^
TypeError: Defaults.__init__() got an unexpected keyword argument 'disable_web_page_preview'
2025-11-10 00:06:08,080 - thermo_agents.telegram.bot - INFO - Initializing ThermoSystem Telegram Bot...
2025-11-10 00:06:08,081 - thermo_agents.orchestrator - INFO - Инициализация оркестратора с core-логикой (Этап 2)
2025-11-10 00:06:08,345 - thermo_agents.thermodynamic_agent - INFO - ThermodynamicAgent 'thermo_agent' initialized
2025-11-10 00:06:08,346 - thermo_agents.orchestrator - INFO - ✅ ThermodynamicAgent инициализирован
2025-11-10 00:06:08,347 - thermo_agents.search.database_connector - INFO - DatabaseConnector initialized with path: data\thermo_data.db
2025-11-10 00:06:08,347 - thermo_agents.orchestrator - INFO - ✅ DatabaseConnector инициализирован: data\thermo_data.db
2025-11-10 00:06:08,347 - thermo_agents.storage.static_data_manager.StaticDataManager - INFO - StaticDataManager initialized: data\static_compounds
2025-11-10 00:06:08,347 - thermo_agents.orchestrator - INFO - ✅ StaticDataManager инициализирован: 10 веществ
2025-11-10 00:06:08,348 - thermo_agents.orchestrator - INFO - ✅ Core-логика компоненты инициализированы
2025-11-10 00:06:08,348 - thermo_agents.orchestrator - INFO - ✅ Новые форматтеры инициализированы (Этап 3)
2025-11-10 00:06:08,348 - thermo_agents.telegram.thermo_adapter - INFO - ThermoOrchestrator успешно инициализирован
2025-11-10 00:06:08,826 - thermo_agents.telegram.bot - ERROR - Failed to initialize bot: CommandHandler.__init__() missing 1 required positional argument: 'thermo_adapter'
2025-11-10 00:06:08,826 - thermo_agents.telegram.bot - ERROR - Error starting bot: CommandHandler.__init__() missing 1 required positional argument: 'thermo_adapter'
2025-11-10 00:06:08,828 - root - ERROR - Критическая ошибка при запуске бота
Traceback (most recent call last):
  File "C:\IDE\repository\agents_for_david\telegram_bot.py", line 66, in main
    await bot.start()
  File "C:\IDE\repository\agents_for_david\src\thermo_agents\telegram\bot.py", line 282, in start
    await self.initialize()
  File "C:\IDE\repository\agents_for_david\src\thermo_agents\telegram\bot.py", line 110, in initialize
    self._register_handlers()
  File "C:\IDE\repository\agents_for_david\src\thermo_agents\telegram\bot.py", line 128, in _register_handlers
    CommandHandler("start", self._wrap_command_handler("start"))
TypeError: CommandHandler.__init__() missing 1 required positional argument: 'thermo_adapter'
2025-11-10 00:06:57,572 - thermo_agents.telegram.bot - INFO - Initializing ThermoSystem Telegram Bot...
2025-11-10 00:06:57,572 - thermo_agents.orchestrator - INFO - Инициализация оркестратора с core-логикой (Этап 2)
2025-11-10 00:06:57,835 - thermo_agents.thermodynamic_agent - INFO - ThermodynamicAgent 'thermo_agent' initialized
2025-11-10 00:06:57,836 - thermo_agents.orchestrator - INFO - ✅ ThermodynamicAgent инициализирован
2025-11-10 00:06:57,836 - thermo_agents.search.database_connector - INFO - DatabaseConnector initialized with path: data\thermo_data.db
2025-11-10 00:06:57,836 - thermo_agents.orchestrator - INFO - ✅ DatabaseConnector инициализирован: data\thermo_data.db
2025-11-10 00:06:57,837 - thermo_agents.storage.static_data_manager.StaticDataManager - INFO - StaticDataManager initialized: data\static_compounds
2025-11-10 00:06:57,837 - thermo_agents.orchestrator - INFO - ✅ StaticDataManager инициализирован: 10 веществ
2025-11-10 00:06:57,838 - thermo_agents.orchestrator - INFO - ✅ Core-логика компоненты инициализированы
2025-11-10 00:06:57,838 - thermo_agents.orchestrator - INFO - ✅ Новые форматтеры инициализированы (Этап 3)
2025-11-10 00:06:57,838 - thermo_agents.telegram.thermo_adapter - INFO - ThermoOrchestrator успешно инициализирован
2025-11-10 00:06:58,306 - thermo_agents.telegram.bot - INFO - Bot initialized successfully
2025-11-10 00:06:58,306 - thermo_agents.telegram.bot - INFO - Starting bot in polling mode...
2025-11-10 00:06:58,386 - thermo_agents.telegram.bot - ERROR - Error starting bot: Cannot close a running event loop
2025-11-10 00:06:58,387 - root - ERROR - Критическая ошибка при запуске бота
Traceback (most recent call last):
  File "C:\IDE\repository\agents_for_david\.venv\Lib\site-packages\telegram\ext\_application.py", line 1054, in __run
    loop.run_until_complete(self._bootstrap_initialize(max_retries=bootstrap_retries))
  File "C:\Users\davjd\AppData\Roaming\uv\python\cpython-3.12.10-windows-x86_64-none\Lib\asyncio\base_events.py", line 667, in run_until_complete
    self._check_running()
  File "C:\Users\davjd\AppData\Roaming\uv\python\cpython-3.12.10-windows-x86_64-none\Lib\asyncio\base_events.py", line 626, in _check_running
    raise RuntimeError('This event loop is already running')
RuntimeError: This event loop is already running

During handling of the above exception, another exception occurred:

Traceback (most recent call last):
  File "C:\IDE\repository\agents_for_david\.venv\Lib\site-packages\telegram\ext\_application.py", line 1079, in __run
    loop.run_until_complete(self.shutdown())
  File "C:\Users\davjd\AppData\Roaming\uv\python\cpython-3.12.10-windows-x86_64-none\Lib\asyncio\base_events.py", line 667, in run_until_complete
    self._check_running()
  File "C:\Users\davjd\AppData\Roaming\uv\python\cpython-3.12.10-windows-x86_64-none\Lib\asyncio\base_events.py", line 626, in _check_running
    raise RuntimeError('This event loop is already running')
RuntimeError: This event loop is already running

During handling of the above exception, another exception occurred:

Traceback (most recent call last):
  File "C:\IDE\repository\agents_for_david\telegram_bot.py", line 66, in main
    await bot.start()
  File "C:\IDE\repository\agents_for_david\src\thermo_agents\telegram\bot.py", line 287, in start
    await self.application.run_polling(
          ^^^^^^^^^^^^^^^^^^^^^^^^^^^^^
  File "C:\IDE\repository\agents_for_david\.venv\Lib\site-packages\telegram\ext\_application.py", line 839, in run_polling
    return self.__run(
           ^^^^^^^^^^^
  File "C:\IDE\repository\agents_for_david\.venv\Lib\site-packages\telegram\ext\_application.py", line 1084, in __run
    loop.close()
  File "C:\Users\davjd\AppData\Roaming\uv\python\cpython-3.12.10-windows-x86_64-none\Lib\asyncio\proactor_events.py", line 687, in close
    raise RuntimeError("Cannot close a running event loop")
RuntimeError: Cannot close a running event loop
2025-11-10 00:07:45,626 - thermo_agents.telegram.bot - INFO - Initializing ThermoSystem Telegram Bot...
2025-11-10 00:07:45,626 - thermo_agents.orchestrator - INFO - Инициализация оркестратора с core-логикой (Этап 2)
2025-11-10 00:07:45,890 - thermo_agents.thermodynamic_agent - INFO - ThermodynamicAgent 'thermo_agent' initialized
2025-11-10 00:07:45,890 - thermo_agents.orchestrator - INFO - ✅ ThermodynamicAgent инициализирован
2025-11-10 00:07:45,891 - thermo_agents.search.database_connector - INFO - DatabaseConnector initialized with path: data\thermo_data.db
2025-11-10 00:07:45,891 - thermo_agents.orchestrator - INFO - ✅ DatabaseConnector инициализирован: data\thermo_data.db
2025-11-10 00:07:45,892 - thermo_agents.storage.static_data_manager.StaticDataManager - INFO - StaticDataManager initialized: data\static_compounds
2025-11-10 00:07:45,892 - thermo_agents.orchestrator - INFO - ✅ StaticDataManager инициализирован: 10 веществ
2025-11-10 00:07:45,893 - thermo_agents.orchestrator - INFO - ✅ Core-логика компоненты инициализированы
2025-11-10 00:07:45,893 - thermo_agents.orchestrator - INFO - ✅ Новые форматтеры инициализированы (Этап 3)
2025-11-10 00:07:45,893 - thermo_agents.telegram.thermo_adapter - INFO - ThermoOrchestrator успешно инициализирован
2025-11-10 00:07:46,367 - thermo_agents.telegram.bot - INFO - Bot initialized successfully
2025-11-10 00:07:46,368 - thermo_agents.telegram.bot - INFO - Starting bot in polling mode...
2025-11-10 00:07:49,446 - httpx - INFO - HTTP Request: POST https://api.telegram.org/bot8556976404:AAH_Zxj-yWY9DRSWQVcn5FOq03_mgIim80o/getMe "HTTP/1.1 200 OK"
2025-11-10 00:07:49,447 - telegram.ext.Application - INFO - Application started
2025-11-10 00:07:49,504 - httpx - INFO - HTTP Request: POST https://api.telegram.org/bot8556976404:AAH_Zxj-yWY9DRSWQVcn5FOq03_mgIim80o/deleteWebhook "HTTP/1.1 200 OK"
2025-11-10 00:07:49,504 - thermo_agents.telegram.bot - INFO - ✅ Bot started successfully! Listening for updates...
2025-11-10 00:07:49,817 - thermo_agents.telegram.bot - INFO - Stopping bot...
2025-11-10 00:08:09,582 - thermo_agents.telegram.bot - INFO - Initializing ThermoSystem Telegram Bot...
2025-11-10 00:08:09,583 - thermo_agents.orchestrator - INFO - Инициализация оркестратора с core-логикой (Этап 2)
2025-11-10 00:08:09,846 - thermo_agents.thermodynamic_agent - INFO - ThermodynamicAgent 'thermo_agent' initialized
2025-11-10 00:08:09,846 - thermo_agents.orchestrator - INFO - ✅ ThermodynamicAgent инициализирован
2025-11-10 00:08:09,846 - thermo_agents.search.database_connector - INFO - DatabaseConnector initialized with path: data\thermo_data.db
2025-11-10 00:08:09,846 - thermo_agents.orchestrator - INFO - ✅ DatabaseConnector инициализирован: data\thermo_data.db
2025-11-10 00:08:09,846 - thermo_agents.storage.static_data_manager.StaticDataManager - INFO - StaticDataManager initialized: data\static_compounds
2025-11-10 00:08:09,847 - thermo_agents.orchestrator - INFO - ✅ StaticDataManager инициализирован: 10 веществ
2025-11-10 00:08:09,848 - thermo_agents.orchestrator - INFO - ✅ Core-логика компоненты инициализированы
2025-11-10 00:08:09,848 - thermo_agents.orchestrator - INFO - ✅ Новые форматтеры инициализированы (Этап 3)
2025-11-10 00:08:09,849 - thermo_agents.telegram.thermo_adapter - INFO - ThermoOrchestrator успешно инициализирован
2025-11-10 00:08:10,321 - thermo_agents.telegram.bot - INFO - Bot initialized successfully
2025-11-10 00:08:10,322 - thermo_agents.telegram.bot - INFO - Starting bot in polling mode...
2025-11-10 00:08:14,405 - thermo_agents.telegram.bot - INFO - Stopping bot...
2025-11-10 00:08:14,406 - thermo_agents.telegram.bot - ERROR - Error stopping bot: This Updater is not running!
2025-11-10 00:08:15,361 - thermo_agents.telegram.bot - ERROR - Error starting bot: Timed out
2025-11-10 00:08:15,362 - root - ERROR - Критическая ошибка при запуске бота
Traceback (most recent call last):
  File "C:\IDE\repository\agents_for_david\.venv\Lib\site-packages\httpx\_transports\default.py", line 101, in map_httpcore_exceptions
    yield
  File "C:\IDE\repository\agents_for_david\.venv\Lib\site-packages\httpx\_transports\default.py", line 394, in handle_async_request
    resp = await self._pool.handle_async_request(req)
           ^^^^^^^^^^^^^^^^^^^^^^^^^^^^^^^^^^^^^^^^^^
  File "C:\IDE\repository\agents_for_david\.venv\Lib\site-packages\httpcore\_async\connection_pool.py", line 256, in handle_async_request
    raise exc from None
  File "C:\IDE\repository\agents_for_david\.venv\Lib\site-packages\httpcore\_async\connection_pool.py", line 236, in handle_async_request
    response = await connection.handle_async_request(
               ^^^^^^^^^^^^^^^^^^^^^^^^^^^^^^^^^^^^^^
  File "C:\IDE\repository\agents_for_david\.venv\Lib\site-packages\httpcore\_async\connection.py", line 101, in handle_async_request
    raise exc
  File "C:\IDE\repository\agents_for_david\.venv\Lib\site-packages\httpcore\_async\connection.py", line 78, in handle_async_request
    stream = await self._connect(request)
             ^^^^^^^^^^^^^^^^^^^^^^^^^^^^
  File "C:\IDE\repository\agents_for_david\.venv\Lib\site-packages\httpcore\_async\connection.py", line 124, in _connect
    stream = await self._network_backend.connect_tcp(**kwargs)
             ^^^^^^^^^^^^^^^^^^^^^^^^^^^^^^^^^^^^^^^^^^^^^^^^^
  File "C:\IDE\repository\agents_for_david\.venv\Lib\site-packages\httpcore\_backends\auto.py", line 31, in connect_tcp
    return await self._backend.connect_tcp(
           ^^^^^^^^^^^^^^^^^^^^^^^^^^^^^^^^
  File "C:\IDE\repository\agents_for_david\.venv\Lib\site-packages\httpcore\_backends\anyio.py", line 113, in connect_tcp
    with map_exceptions(exc_map):
         ^^^^^^^^^^^^^^^^^^^^^^^
  File "C:\Users\davjd\AppData\Roaming\uv\python\cpython-3.12.10-windows-x86_64-none\Lib\contextlib.py", line 158, in __exit__
    self.gen.throw(value)
  File "C:\IDE\repository\agents_for_david\.venv\Lib\site-packages\httpcore\_exceptions.py", line 14, in map_exceptions
    raise to_exc(exc) from exc
httpcore.ConnectTimeout

The above exception was the direct cause of the following exception:

Traceback (most recent call last):
  File "C:\IDE\repository\agents_for_david\.venv\Lib\site-packages\telegram\request\_httpxrequest.py", line 279, in do_request
    res = await self._client.request(
          ^^^^^^^^^^^^^^^^^^^^^^^^^^^
  File "C:\IDE\repository\agents_for_david\.venv\Lib\site-packages\httpx\_client.py", line 1540, in request
    return await self.send(request, auth=auth, follow_redirects=follow_redirects)
           ^^^^^^^^^^^^^^^^^^^^^^^^^^^^^^^^^^^^^^^^^^^^^^^^^^^^^^^^^^^^^^^^^^^^^^
  File "C:\IDE\repository\agents_for_david\.venv\Lib\site-packages\httpx\_client.py", line 1629, in send
    response = await self._send_handling_auth(
               ^^^^^^^^^^^^^^^^^^^^^^^^^^^^^^^
  File "C:\IDE\repository\agents_for_david\.venv\Lib\site-packages\httpx\_client.py", line 1657, in _send_handling_auth
    response = await self._send_handling_redirects(
               ^^^^^^^^^^^^^^^^^^^^^^^^^^^^^^^^^^^^
  File "C:\IDE\repository\agents_for_david\.venv\Lib\site-packages\httpx\_client.py", line 1694, in _send_handling_redirects
    response = await self._send_single_request(request)
               ^^^^^^^^^^^^^^^^^^^^^^^^^^^^^^^^^^^^^^^^
  File "C:\IDE\repository\agents_for_david\.venv\Lib\site-packages\httpx\_client.py", line 1730, in _send_single_request
    response = await transport.handle_async_request(request)
               ^^^^^^^^^^^^^^^^^^^^^^^^^^^^^^^^^^^^^^^^^^^^^
  File "C:\IDE\repository\agents_for_david\.venv\Lib\site-packages\httpx\_transports\default.py", line 393, in handle_async_request
    with map_httpcore_exceptions():
         ^^^^^^^^^^^^^^^^^^^^^^^^^
  File "C:\Users\davjd\AppData\Roaming\uv\python\cpython-3.12.10-windows-x86_64-none\Lib\contextlib.py", line 158, in __exit__
    self.gen.throw(value)
  File "C:\IDE\repository\agents_for_david\.venv\Lib\site-packages\httpx\_transports\default.py", line 118, in map_httpcore_exceptions
    raise mapped_exc(message) from exc
httpx.ConnectTimeout

The above exception was the direct cause of the following exception:

Traceback (most recent call last):
  File "C:\IDE\repository\agents_for_david\telegram_bot.py", line 66, in main
    await bot.start()
  File "C:\IDE\repository\agents_for_david\src\thermo_agents\telegram\bot.py", line 287, in start
    await self.application.initialize()
  File "C:\IDE\repository\agents_for_david\.venv\Lib\site-packages\telegram\ext\_application.py", line 489, in initialize
    await self.bot.initialize()
  File "C:\IDE\repository\agents_for_david\.venv\Lib\site-packages\telegram\ext\_extbot.py", line 318, in initialize
    await super().initialize()
  File "C:\IDE\repository\agents_for_david\.venv\Lib\site-packages\telegram\_bot.py", line 854, in initialize
    await self.get_me()
  File "C:\IDE\repository\agents_for_david\.venv\Lib\site-packages\telegram\ext\_extbot.py", line 1999, in get_me
    return await super().get_me(
           ^^^^^^^^^^^^^^^^^^^^^
  File "C:\IDE\repository\agents_for_david\.venv\Lib\site-packages\telegram\_bot.py", line 985, in get_me
    result = await self._post(
             ^^^^^^^^^^^^^^^^^
  File "C:\IDE\repository\agents_for_david\.venv\Lib\site-packages\telegram\_bot.py", line 703, in _post
    return await self._do_post(
           ^^^^^^^^^^^^^^^^^^^^
  File "C:\IDE\repository\agents_for_david\.venv\Lib\site-packages\telegram\ext\_extbot.py", line 372, in _do_post
    return await super()._do_post(
           ^^^^^^^^^^^^^^^^^^^^^^^
  File "C:\IDE\repository\agents_for_david\.venv\Lib\site-packages\telegram\_bot.py", line 732, in _do_post
    result = await request.post(
             ^^^^^^^^^^^^^^^^^^^
  File "C:\IDE\repository\agents_for_david\.venv\Lib\site-packages\telegram\request\_baserequest.py", line 198, in post
    result = await self._request_wrapper(
             ^^^^^^^^^^^^^^^^^^^^^^^^^^^^
  File "C:\IDE\repository\agents_for_david\.venv\Lib\site-packages\telegram\request\_baserequest.py", line 305, in _request_wrapper
    code, payload = await self.do_request(
                    ^^^^^^^^^^^^^^^^^^^^^^
  File "C:\IDE\repository\agents_for_david\.venv\Lib\site-packages\telegram\request\_httpxrequest.py", line 296, in do_request
    raise TimedOut from err
telegram.error.TimedOut: Timed out
2025-11-10 00:09:11,755 - thermo_agents.telegram.bot - INFO - Initializing ThermoSystem Telegram Bot...
2025-11-10 00:09:11,756 - thermo_agents.orchestrator - INFO - Инициализация оркестратора с core-логикой (Этап 2)
2025-11-10 00:09:12,040 - thermo_agents.thermodynamic_agent - INFO - ThermodynamicAgent 'thermo_agent' initialized
2025-11-10 00:09:12,041 - thermo_agents.orchestrator - INFO - ✅ ThermodynamicAgent инициализирован
2025-11-10 00:09:12,041 - thermo_agents.search.database_connector - INFO - DatabaseConnector initialized with path: data\thermo_data.db
2025-11-10 00:09:12,041 - thermo_agents.orchestrator - INFO - ✅ DatabaseConnector инициализирован: data\thermo_data.db
2025-11-10 00:09:12,041 - thermo_agents.storage.static_data_manager.StaticDataManager - INFO - StaticDataManager initialized: data\static_compounds
2025-11-10 00:09:12,042 - thermo_agents.orchestrator - INFO - ✅ StaticDataManager инициализирован: 10 веществ
2025-11-10 00:09:12,042 - thermo_agents.orchestrator - INFO - ✅ Core-логика компоненты инициализированы
2025-11-10 00:09:12,042 - thermo_agents.orchestrator - INFO - ✅ Новые форматтеры инициализированы (Этап 3)
2025-11-10 00:09:12,044 - thermo_agents.telegram.thermo_adapter - INFO - ThermoOrchestrator успешно инициализирован
2025-11-10 00:09:12,549 - thermo_agents.telegram.bot - INFO - Bot initialized successfully
2025-11-10 00:09:12,550 - thermo_agents.telegram.bot - INFO - Starting bot in polling mode...
2025-11-10 00:09:15,784 - thermo_agents.telegram.bot - INFO - Stopping bot...
2025-11-10 00:09:15,784 - thermo_agents.telegram.bot - ERROR - Error stopping bot: This Updater is not running!
2025-11-10 00:09:23,910 - httpx - INFO - HTTP Request: POST https://api.telegram.org/bot8556976404:AAH_Zxj-yWY9DRSWQVcn5FOq03_mgIim80o/getMe "HTTP/1.1 200 OK"
2025-11-10 00:09:23,911 - telegram.ext.Application - INFO - Application started
2025-11-10 00:09:24,000 - httpx - INFO - HTTP Request: POST https://api.telegram.org/bot8556976404:AAH_Zxj-yWY9DRSWQVcn5FOq03_mgIim80o/deleteWebhook "HTTP/1.1 200 OK"
2025-11-10 00:09:24,001 - thermo_agents.telegram.bot - INFO - ✅ Bot started successfully! Listening for updates...
2025-11-10 00:09:32,918 - thermo_agents.telegram.bot - INFO - Initializing ThermoSystem Telegram Bot...
2025-11-10 00:09:32,919 - thermo_agents.orchestrator - INFO - Инициализация оркестратора с core-логикой (Этап 2)
2025-11-10 00:09:33,218 - thermo_agents.thermodynamic_agent - INFO - ThermodynamicAgent 'thermo_agent' initialized
2025-11-10 00:09:33,218 - thermo_agents.orchestrator - INFO - ✅ ThermodynamicAgent инициализирован
2025-11-10 00:09:33,218 - thermo_agents.search.database_connector - INFO - DatabaseConnector initialized with path: data\thermo_data.db
2025-11-10 00:09:33,218 - thermo_agents.orchestrator - INFO - ✅ DatabaseConnector инициализирован: data\thermo_data.db
2025-11-10 00:09:33,219 - thermo_agents.storage.static_data_manager.StaticDataManager - INFO - StaticDataManager initialized: data\static_compounds
2025-11-10 00:09:33,219 - thermo_agents.orchestrator - INFO - ✅ StaticDataManager инициализирован: 10 веществ
2025-11-10 00:09:33,219 - thermo_agents.orchestrator - INFO - ✅ Core-логика компоненты инициализированы
2025-11-10 00:09:33,219 - thermo_agents.orchestrator - INFO - ✅ Новые форматтеры инициализированы (Этап 3)
2025-11-10 00:09:33,219 - thermo_agents.telegram.thermo_adapter - INFO - ThermoOrchestrator успешно инициализирован
2025-11-10 00:09:33,742 - thermo_agents.telegram.bot - INFO - Bot initialized successfully
2025-11-10 00:09:33,742 - thermo_agents.telegram.bot - INFO - Starting bot in polling mode...
2025-11-10 00:09:40,579 - thermo_agents.telegram.bot - INFO - Stopping bot...
2025-11-10 00:09:40,579 - thermo_agents.telegram.bot - ERROR - Error stopping bot: This Updater is not running!
2025-11-10 00:09:45,067 - httpx - INFO - HTTP Request: POST https://api.telegram.org/bot8556976404:AAH_Zxj-yWY9DRSWQVcn5FOq03_mgIim80o/getMe "HTTP/1.1 200 OK"
2025-11-10 00:09:45,067 - telegram.ext.Application - INFO - Application started
2025-11-10 00:09:45,148 - httpx - INFO - HTTP Request: POST https://api.telegram.org/bot8556976404:AAH_Zxj-yWY9DRSWQVcn5FOq03_mgIim80o/deleteWebhook "HTTP/1.1 200 OK"
2025-11-10 00:09:45,148 - thermo_agents.telegram.bot - INFO - ✅ Bot started successfully! Listening for updates...
2025-11-10 00:11:04,295 - thermo_agents.telegram.bot - INFO - Initializing ThermoSystem Telegram Bot...
2025-11-10 00:11:04,295 - thermo_agents.orchestrator - INFO - Инициализация оркестратора с core-логикой (Этап 2)
2025-11-10 00:11:04,562 - thermo_agents.thermodynamic_agent - INFO - ThermodynamicAgent 'thermo_agent' initialized
2025-11-10 00:11:04,564 - thermo_agents.orchestrator - INFO - ✅ ThermodynamicAgent инициализирован
2025-11-10 00:11:04,564 - thermo_agents.search.database_connector - INFO - DatabaseConnector initialized with path: data\thermo_data.db
2025-11-10 00:11:04,564 - thermo_agents.orchestrator - INFO - ✅ DatabaseConnector инициализирован: data\thermo_data.db
2025-11-10 00:11:04,564 - thermo_agents.storage.static_data_manager.StaticDataManager - INFO - StaticDataManager initialized: data\static_compounds
2025-11-10 00:11:04,565 - thermo_agents.orchestrator - INFO - ✅ StaticDataManager инициализирован: 10 веществ
2025-11-10 00:11:04,565 - thermo_agents.orchestrator - INFO - ✅ Core-логика компоненты инициализированы
2025-11-10 00:11:04,565 - thermo_agents.orchestrator - INFO - ✅ Новые форматтеры инициализированы (Этап 3)
2025-11-10 00:11:04,565 - thermo_agents.telegram.thermo_adapter - INFO - ThermoOrchestrator успешно инициализирован
2025-11-10 00:11:05,040 - thermo_agents.telegram.bot - INFO - Bot initialized successfully
2025-11-10 00:11:05,040 - thermo_agents.telegram.bot - INFO - Starting bot in polling mode...
2025-11-10 00:11:05,236 - httpx - INFO - HTTP Request: POST https://api.telegram.org/bot8556976404:AAH_Zxj-yWY9DRSWQVcn5FOq03_mgIim80o/getMe "HTTP/1.1 200 OK"
2025-11-10 00:11:05,236 - telegram.ext.Application - INFO - Application started
2025-11-10 00:11:05,286 - httpx - INFO - HTTP Request: POST https://api.telegram.org/bot8556976404:AAH_Zxj-yWY9DRSWQVcn5FOq03_mgIim80o/deleteWebhook "HTTP/1.1 200 OK"
2025-11-10 00:11:05,287 - thermo_agents.telegram.bot - INFO - ✅ Bot started successfully! Listening for updates...
2025-11-10 00:11:07,769 - thermo_agents.telegram.bot - INFO - Stopping bot...
2025-11-10 00:11:07,770 - thermo_agents.telegram.bot - INFO - Stop event received, shutting down...
2025-11-10 00:11:12,782 - telegram.ext.Updater - ERROR - Error while calling `get_updates` one more time to mark all fetched updates as read: %s. Suppressing error to ensure graceful shutdown. When polling for updates is restarted, updates may be fetched again. Please adjust timeouts via `ApplicationBuilder` or the parameter `get_updates_request` of `Bot`.
Traceback (most recent call last):
  File "C:\IDE\repository\agents_for_david\.venv\Lib\site-packages\httpx\_transports\default.py", line 101, in map_httpcore_exceptions
    yield
  File "C:\IDE\repository\agents_for_david\.venv\Lib\site-packages\httpx\_transports\default.py", line 394, in handle_async_request
    resp = await self._pool.handle_async_request(req)
           ^^^^^^^^^^^^^^^^^^^^^^^^^^^^^^^^^^^^^^^^^^
  File "C:\IDE\repository\agents_for_david\.venv\Lib\site-packages\httpcore\_async\connection_pool.py", line 256, in handle_async_request
    raise exc from None
  File "C:\IDE\repository\agents_for_david\.venv\Lib\site-packages\httpcore\_async\connection_pool.py", line 236, in handle_async_request
    response = await connection.handle_async_request(
               ^^^^^^^^^^^^^^^^^^^^^^^^^^^^^^^^^^^^^^
  File "C:\IDE\repository\agents_for_david\.venv\Lib\site-packages\httpcore\_async\connection.py", line 101, in handle_async_request
    raise exc
  File "C:\IDE\repository\agents_for_david\.venv\Lib\site-packages\httpcore\_async\connection.py", line 78, in handle_async_request
    stream = await self._connect(request)
             ^^^^^^^^^^^^^^^^^^^^^^^^^^^^
  File "C:\IDE\repository\agents_for_david\.venv\Lib\site-packages\httpcore\_async\connection.py", line 124, in _connect
    stream = await self._network_backend.connect_tcp(**kwargs)
             ^^^^^^^^^^^^^^^^^^^^^^^^^^^^^^^^^^^^^^^^^^^^^^^^^
  File "C:\IDE\repository\agents_for_david\.venv\Lib\site-packages\httpcore\_backends\auto.py", line 31, in connect_tcp
    return await self._backend.connect_tcp(
           ^^^^^^^^^^^^^^^^^^^^^^^^^^^^^^^^
  File "C:\IDE\repository\agents_for_david\.venv\Lib\site-packages\httpcore\_backends\anyio.py", line 113, in connect_tcp
    with map_exceptions(exc_map):
         ^^^^^^^^^^^^^^^^^^^^^^^
  File "C:\Users\davjd\AppData\Roaming\uv\python\cpython-3.12.10-windows-x86_64-none\Lib\contextlib.py", line 158, in __exit__
    self.gen.throw(value)
  File "C:\IDE\repository\agents_for_david\.venv\Lib\site-packages\httpcore\_exceptions.py", line 14, in map_exceptions
    raise to_exc(exc) from exc
httpcore.ConnectTimeout

The above exception was the direct cause of the following exception:

Traceback (most recent call last):
  File "C:\IDE\repository\agents_for_david\.venv\Lib\site-packages\telegram\request\_httpxrequest.py", line 279, in do_request
    res = await self._client.request(
          ^^^^^^^^^^^^^^^^^^^^^^^^^^^
  File "C:\IDE\repository\agents_for_david\.venv\Lib\site-packages\httpx\_client.py", line 1540, in request
    return await self.send(request, auth=auth, follow_redirects=follow_redirects)
           ^^^^^^^^^^^^^^^^^^^^^^^^^^^^^^^^^^^^^^^^^^^^^^^^^^^^^^^^^^^^^^^^^^^^^^
  File "C:\IDE\repository\agents_for_david\.venv\Lib\site-packages\httpx\_client.py", line 1629, in send
    response = await self._send_handling_auth(
               ^^^^^^^^^^^^^^^^^^^^^^^^^^^^^^^
  File "C:\IDE\repository\agents_for_david\.venv\Lib\site-packages\httpx\_client.py", line 1657, in _send_handling_auth
    response = await self._send_handling_redirects(
               ^^^^^^^^^^^^^^^^^^^^^^^^^^^^^^^^^^^^
  File "C:\IDE\repository\agents_for_david\.venv\Lib\site-packages\httpx\_client.py", line 1694, in _send_handling_redirects
    response = await self._send_single_request(request)
               ^^^^^^^^^^^^^^^^^^^^^^^^^^^^^^^^^^^^^^^^
  File "C:\IDE\repository\agents_for_david\.venv\Lib\site-packages\httpx\_client.py", line 1730, in _send_single_request
    response = await transport.handle_async_request(request)
               ^^^^^^^^^^^^^^^^^^^^^^^^^^^^^^^^^^^^^^^^^^^^^
  File "C:\IDE\repository\agents_for_david\.venv\Lib\site-packages\httpx\_transports\default.py", line 393, in handle_async_request
    with map_httpcore_exceptions():
         ^^^^^^^^^^^^^^^^^^^^^^^^^
  File "C:\Users\davjd\AppData\Roaming\uv\python\cpython-3.12.10-windows-x86_64-none\Lib\contextlib.py", line 158, in __exit__
    self.gen.throw(value)
  File "C:\IDE\repository\agents_for_david\.venv\Lib\site-packages\httpx\_transports\default.py", line 118, in map_httpcore_exceptions
    raise mapped_exc(message) from exc
httpx.ConnectTimeout

The above exception was the direct cause of the following exception:

Traceback (most recent call last):
  File "C:\IDE\repository\agents_for_david\.venv\Lib\site-packages\telegram\ext\_updater.py", line 400, in _get_updates_cleanup
    await self.bot.get_updates(
  File "C:\IDE\repository\agents_for_david\.venv\Lib\site-packages\telegram\ext\_extbot.py", line 676, in get_updates
    updates = await super().get_updates(
              ^^^^^^^^^^^^^^^^^^^^^^^^^^
  File "C:\IDE\repository\agents_for_david\.venv\Lib\site-packages\telegram\_bot.py", line 4780, in get_updates
    await self._post(
  File "C:\IDE\repository\agents_for_david\.venv\Lib\site-packages\telegram\_bot.py", line 703, in _post
    return await self._do_post(
           ^^^^^^^^^^^^^^^^^^^^
  File "C:\IDE\repository\agents_for_david\.venv\Lib\site-packages\telegram\ext\_extbot.py", line 372, in _do_post
    return await super()._do_post(
           ^^^^^^^^^^^^^^^^^^^^^^^
  File "C:\IDE\repository\agents_for_david\.venv\Lib\site-packages\telegram\_bot.py", line 732, in _do_post
    result = await request.post(
             ^^^^^^^^^^^^^^^^^^^
  File "C:\IDE\repository\agents_for_david\.venv\Lib\site-packages\telegram\request\_baserequest.py", line 198, in post
    result = await self._request_wrapper(
             ^^^^^^^^^^^^^^^^^^^^^^^^^^^^
  File "C:\IDE\repository\agents_for_david\.venv\Lib\site-packages\telegram\request\_baserequest.py", line 305, in _request_wrapper
    code, payload = await self.do_request(
                    ^^^^^^^^^^^^^^^^^^^^^^
  File "C:\IDE\repository\agents_for_david\.venv\Lib\site-packages\telegram\request\_httpxrequest.py", line 296, in do_request
    raise TimedOut from err
telegram.error.TimedOut: Timed out
2025-11-10 00:11:12,790 - telegram.ext.Application - INFO - Application is stopping. This might take a moment.
2025-11-10 00:11:12,792 - telegram.ext.Application - INFO - Application.stop() complete
2025-11-10 00:11:12,792 - thermo_agents.telegram.thermo_adapter - INFO - ThermoAdapter shutting down
2025-11-10 00:11:12,792 - thermo_agents.telegram.bot - INFO - Bot stopped successfully
2025-11-10 00:11:39,739 - thermo_agents.telegram.bot - INFO - Initializing ThermoSystem Telegram Bot...
2025-11-10 00:11:39,739 - thermo_agents.orchestrator - INFO - Инициализация оркестратора с core-логикой (Этап 2)
2025-11-10 00:11:40,004 - thermo_agents.thermodynamic_agent - INFO - ThermodynamicAgent 'thermo_agent' initialized
2025-11-10 00:11:40,004 - thermo_agents.orchestrator - INFO - ✅ ThermodynamicAgent инициализирован
2025-11-10 00:11:40,005 - thermo_agents.search.database_connector - INFO - DatabaseConnector initialized with path: data\thermo_data.db
2025-11-10 00:11:40,005 - thermo_agents.orchestrator - INFO - ✅ DatabaseConnector инициализирован: data\thermo_data.db
2025-11-10 00:11:40,005 - thermo_agents.storage.static_data_manager.StaticDataManager - INFO - StaticDataManager initialized: data\static_compounds
2025-11-10 00:11:40,006 - thermo_agents.orchestrator - INFO - ✅ StaticDataManager инициализирован: 10 веществ
2025-11-10 00:11:40,006 - thermo_agents.orchestrator - INFO - ✅ Core-логика компоненты инициализированы
2025-11-10 00:11:40,006 - thermo_agents.orchestrator - INFO - ✅ Новые форматтеры инициализированы (Этап 3)
2025-11-10 00:11:40,006 - thermo_agents.telegram.thermo_adapter - INFO - ThermoOrchestrator успешно инициализирован
2025-11-10 00:11:40,477 - thermo_agents.telegram.bot - INFO - Bot initialized successfully
2025-11-10 00:11:40,477 - thermo_agents.telegram.bot - INFO - Starting bot in polling mode...
2025-11-10 00:12:17,606 - thermo_agents.telegram.bot - INFO - Initializing ThermoSystem Telegram Bot...
2025-11-10 00:12:17,606 - thermo_agents.orchestrator - INFO - Инициализация оркестратора с core-логикой (Этап 2)
2025-11-10 00:12:17,862 - thermo_agents.thermodynamic_agent - INFO - ThermodynamicAgent 'thermo_agent' initialized
2025-11-10 00:12:17,862 - thermo_agents.orchestrator - INFO - ✅ ThermodynamicAgent инициализирован
2025-11-10 00:12:17,862 - thermo_agents.search.database_connector - INFO - DatabaseConnector initialized with path: data\thermo_data.db
2025-11-10 00:12:17,863 - thermo_agents.orchestrator - INFO - ✅ DatabaseConnector инициализирован: data\thermo_data.db
2025-11-10 00:12:17,863 - thermo_agents.storage.static_data_manager.StaticDataManager - INFO - StaticDataManager initialized: data\static_compounds
2025-11-10 00:12:17,863 - thermo_agents.orchestrator - INFO - ✅ StaticDataManager инициализирован: 10 веществ
2025-11-10 00:12:17,864 - thermo_agents.orchestrator - INFO - ✅ Core-логика компоненты инициализированы
2025-11-10 00:12:17,864 - thermo_agents.orchestrator - INFO - ✅ Новые форматтеры инициализированы (Этап 3)
2025-11-10 00:12:17,864 - thermo_agents.telegram.thermo_adapter - INFO - ThermoOrchestrator успешно инициализирован
2025-11-10 00:12:18,321 - thermo_agents.telegram.bot - INFO - Bot initialized successfully
2025-11-10 00:12:18,323 - thermo_agents.telegram.bot - INFO - Starting bot in polling mode...
2025-11-10 00:12:18,532 - httpx - INFO - HTTP Request: POST https://api.telegram.org/bot8556976404:AAH_Zxj-yWY9DRSWQVcn5FOq03_mgIim80o/getMe "HTTP/1.1 200 OK"
2025-11-10 00:12:18,534 - telegram.ext.Application - INFO - Application started
2025-11-10 00:12:18,605 - httpx - INFO - HTTP Request: POST https://api.telegram.org/bot8556976404:AAH_Zxj-yWY9DRSWQVcn5FOq03_mgIim80o/deleteWebhook "HTTP/1.1 200 OK"
2025-11-10 00:12:18,605 - thermo_agents.telegram.bot - INFO - ✅ Bot started successfully! Listening for updates...
2025-11-10 00:12:28,793 - httpx - INFO - HTTP Request: POST https://api.telegram.org/bot8556976404:AAH_Zxj-yWY9DRSWQVcn5FOq03_mgIim80o/getUpdates "HTTP/1.1 200 OK"
2025-11-10 00:12:34,772 - httpx - INFO - HTTP Request: POST https://api.telegram.org/bot8556976404:AAH_Zxj-yWY9DRSWQVcn5FOq03_mgIim80o/getUpdates "HTTP/1.1 200 OK"
2025-11-10 00:12:44,828 - httpx - INFO - HTTP Request: POST https://api.telegram.org/bot8556976404:AAH_Zxj-yWY9DRSWQVcn5FOq03_mgIim80o/getUpdates "HTTP/1.1 200 OK"
2025-11-10 00:12:46,132 - httpx - INFO - HTTP Request: POST https://api.telegram.org/bot8556976404:AAH_Zxj-yWY9DRSWQVcn5FOq03_mgIim80o/sendMessage "HTTP/1.1 200 OK"
2025-11-10 00:12:54,911 - httpx - INFO - HTTP Request: POST https://api.telegram.org/bot8556976404:AAH_Zxj-yWY9DRSWQVcn5FOq03_mgIim80o/getUpdates "HTTP/1.1 200 OK"
2025-11-10 00:13:04,960 - httpx - INFO - HTTP Request: POST https://api.telegram.org/bot8556976404:AAH_Zxj-yWY9DRSWQVcn5FOq03_mgIim80o/getUpdates "HTTP/1.1 200 OK"
2025-11-10 00:13:15,027 - httpx - INFO - HTTP Request: POST https://api.telegram.org/bot8556976404:AAH_Zxj-yWY9DRSWQVcn5FOq03_mgIim80o/getUpdates "HTTP/1.1 200 OK"
2025-11-10 00:13:25,099 - httpx - INFO - HTTP Request: POST https://api.telegram.org/bot8556976404:AAH_Zxj-yWY9DRSWQVcn5FOq03_mgIim80o/getUpdates "HTTP/1.1 200 OK"
2025-11-10 00:13:25,208 - httpx - INFO - HTTP Request: POST https://api.telegram.org/bot8556976404:AAH_Zxj-yWY9DRSWQVcn5FOq03_mgIim80o/getUpdates "HTTP/1.1 200 OK"
2025-11-10 00:13:25,210 - thermo_agents.telegram.thermo_adapter - ERROR - Error processing query for user 547393337: 'SessionLogger' object has no attribute 'info'
2025-11-10 00:13:25,473 - httpx - INFO - HTTP Request: POST https://api.telegram.org/bot8556976404:AAH_Zxj-yWY9DRSWQVcn5FOq03_mgIim80o/sendMessage "HTTP/1.1 200 OK"
2025-11-10 00:13:35,278 - httpx - INFO - HTTP Request: POST https://api.telegram.org/bot8556976404:AAH_Zxj-yWY9DRSWQVcn5FOq03_mgIim80o/getUpdates "HTTP/1.1 200 OK"
2025-11-10 08:22:20,314 - thermo_agents.telegram.bot - INFO - Initializing ThermoSystem Telegram Bot...
2025-11-10 08:22:20,315 - thermo_agents.orchestrator - INFO - Инициализация оркестратора с core-логикой (Этап 2)
2025-11-10 08:22:20,681 - thermo_agents.thermodynamic_agent - INFO - ThermodynamicAgent 'thermo_agent' initialized
2025-11-10 08:22:20,682 - thermo_agents.orchestrator - INFO - ✅ ThermodynamicAgent инициализирован
2025-11-10 08:22:20,682 - thermo_agents.search.database_connector - INFO - DatabaseConnector initialized with path: data\thermo_data.db
2025-11-10 08:22:20,682 - thermo_agents.orchestrator - INFO - ✅ DatabaseConnector инициализирован: data\thermo_data.db
2025-11-10 08:22:20,682 - thermo_agents.storage.static_data_manager.StaticDataManager - INFO - StaticDataManager initialized: data\static_compounds
2025-11-10 08:22:20,684 - thermo_agents.orchestrator - INFO - ✅ StaticDataManager инициализирован: 10 веществ
2025-11-10 08:22:20,685 - thermo_agents.orchestrator - INFO - ✅ Core-логика компоненты инициализированы
2025-11-10 08:22:20,685 - thermo_agents.orchestrator - INFO - ✅ Новые форматтеры инициализированы (Этап 3)
2025-11-10 08:22:20,685 - thermo_agents.telegram.thermo_adapter - INFO - ThermoOrchestrator успешно инициализирован
2025-11-10 08:22:21,117 - thermo_agents.telegram.bot - INFO - Bot initialized successfully
2025-11-10 08:22:21,117 - thermo_agents.telegram.bot - INFO - Starting bot in polling mode...
2025-11-10 08:22:33,346 - httpx - INFO - HTTP Request: POST https://api.telegram.org/bot8556976404:AAH_Zxj-yWY9DRSWQVcn5FOq03_mgIim80o/getMe "HTTP/1.1 200 OK"
2025-11-10 08:22:33,348 - telegram.ext.Application - INFO - Application started
2025-11-10 08:22:33,397 - httpx - INFO - HTTP Request: POST https://api.telegram.org/bot8556976404:AAH_Zxj-yWY9DRSWQVcn5FOq03_mgIim80o/deleteWebhook "HTTP/1.1 200 OK"
2025-11-10 08:22:33,397 - thermo_agents.telegram.bot - INFO - ✅ Bot started successfully! Listening for updates...
2025-11-10 08:22:43,551 - httpx - INFO - HTTP Request: POST https://api.telegram.org/bot8556976404:AAH_Zxj-yWY9DRSWQVcn5FOq03_mgIim80o/getUpdates "HTTP/1.1 200 OK"
2025-11-10 08:22:52,843 - httpx - INFO - HTTP Request: POST https://api.telegram.org/bot8556976404:AAH_Zxj-yWY9DRSWQVcn5FOq03_mgIim80o/getUpdates "HTTP/1.1 200 OK"
2025-11-10 08:23:02,897 - httpx - INFO - HTTP Request: POST https://api.telegram.org/bot8556976404:AAH_Zxj-yWY9DRSWQVcn5FOq03_mgIim80o/getUpdates "HTTP/1.1 200 OK"
2025-11-10 08:23:05,030 - httpx - INFO - HTTP Request: POST https://api.telegram.org/bot8556976404:AAH_Zxj-yWY9DRSWQVcn5FOq03_mgIim80o/sendMessage "HTTP/1.1 200 OK"
2025-11-10 08:23:12,989 - httpx - INFO - HTTP Request: POST https://api.telegram.org/bot8556976404:AAH_Zxj-yWY9DRSWQVcn5FOq03_mgIim80o/getUpdates "HTTP/1.1 200 OK"
2025-11-10 08:23:14,039 - httpx - INFO - HTTP Request: POST https://api.telegram.org/bot8556976404:AAH_Zxj-yWY9DRSWQVcn5FOq03_mgIim80o/getUpdates "HTTP/1.1 200 OK"
2025-11-10 08:23:14,045 - thermo_agents.telegram.thermo_adapter - ERROR - Error processing query for user 547393337: 'SessionLogger' object has no attribute 'info'
2025-11-10 08:23:14,245 - httpx - INFO - HTTP Request: POST https://api.telegram.org/bot8556976404:AAH_Zxj-yWY9DRSWQVcn5FOq03_mgIim80o/sendMessage "HTTP/1.1 200 OK"
2025-11-10 08:23:24,100 - httpx - INFO - HTTP Request: POST https://api.telegram.org/bot8556976404:AAH_Zxj-yWY9DRSWQVcn5FOq03_mgIim80o/getUpdates "HTTP/1.1 200 OK"
2025-11-10 08:24:35,058 - thermo_agents.telegram.bot - INFO - Initializing ThermoSystem Telegram Bot...
2025-11-10 08:24:35,058 - thermo_agents.orchestrator - INFO - Инициализация оркестратора с core-логикой (Этап 2)
2025-11-10 08:24:35,318 - thermo_agents.thermodynamic_agent - INFO - ThermodynamicAgent 'thermo_agent' initialized
2025-11-10 08:24:35,318 - thermo_agents.orchestrator - INFO - ✅ ThermodynamicAgent инициализирован
2025-11-10 08:24:35,318 - thermo_agents.search.database_connector - INFO - DatabaseConnector initialized with path: data\thermo_data.db
2025-11-10 08:24:35,318 - thermo_agents.orchestrator - INFO - ✅ DatabaseConnector инициализирован: data\thermo_data.db
2025-11-10 08:24:35,318 - thermo_agents.storage.static_data_manager.StaticDataManager - INFO - StaticDataManager initialized: data\static_compounds
2025-11-10 08:24:35,319 - thermo_agents.orchestrator - INFO - ✅ StaticDataManager инициализирован: 10 веществ
2025-11-10 08:24:35,320 - thermo_agents.orchestrator - INFO - ✅ Core-логика компоненты инициализированы
2025-11-10 08:24:35,320 - thermo_agents.orchestrator - INFO - ✅ Новые форматтеры инициализированы (Этап 3)
2025-11-10 08:24:35,320 - thermo_agents.telegram.thermo_adapter - INFO - ThermoOrchestrator успешно инициализирован
2025-11-10 08:24:35,784 - thermo_agents.telegram.bot - INFO - Bot initialized successfully
2025-11-10 08:24:35,785 - thermo_agents.telegram.bot - INFO - Starting bot in polling mode...
2025-11-10 08:24:47,040 - httpx - INFO - HTTP Request: POST https://api.telegram.org/bot8556976404:AAH_Zxj-yWY9DRSWQVcn5FOq03_mgIim80o/getMe "HTTP/1.1 200 OK"
2025-11-10 08:24:47,041 - telegram.ext.Application - INFO - Application started
2025-11-10 08:24:47,090 - httpx - INFO - HTTP Request: POST https://api.telegram.org/bot8556976404:AAH_Zxj-yWY9DRSWQVcn5FOq03_mgIim80o/deleteWebhook "HTTP/1.1 200 OK"
2025-11-10 08:24:47,090 - thermo_agents.telegram.bot - INFO - ✅ Bot started successfully! Listening for updates...
2025-11-10 08:24:57,275 - httpx - INFO - HTTP Request: POST https://api.telegram.org/bot8556976404:AAH_Zxj-yWY9DRSWQVcn5FOq03_mgIim80o/getUpdates "HTTP/1.1 200 OK"
2025-11-10 08:25:02,920 - httpx - INFO - HTTP Request: POST https://api.telegram.org/bot8556976404:AAH_Zxj-yWY9DRSWQVcn5FOq03_mgIim80o/getUpdates "HTTP/1.1 200 OK"
2025-11-10 08:25:08,764 - openai._base_client - INFO - Retrying request to /chat/completions in 0.410414 seconds
2025-11-10 08:25:13,746 - httpx - INFO - HTTP Request: POST https://api.telegram.org/bot8556976404:AAH_Zxj-yWY9DRSWQVcn5FOq03_mgIim80o/getUpdates "HTTP/1.1 200 OK"
2025-11-10 08:25:14,204 - openai._base_client - INFO - Retrying request to /chat/completions in 0.955664 seconds
2025-11-10 08:25:18,559 - httpx - INFO - HTTP Request: POST https://openrouter.ai/api/v1/chat/completions "HTTP/1.1 200 OK"
2025-11-10 08:25:23,606 - thermo_agents.thermodynamic_agent - INFO - Successfully extracted parameters for 1 compounds
2025-11-10 08:25:23,813 - httpx - INFO - HTTP Request: POST https://api.telegram.org/bot8556976404:AAH_Zxj-yWY9DRSWQVcn5FOq03_mgIim80o/getUpdates "HTTP/1.1 200 OK"
2025-11-10 08:25:33,869 - httpx - INFO - HTTP Request: POST https://api.telegram.org/bot8556976404:AAH_Zxj-yWY9DRSWQVcn5FOq03_mgIim80o/getUpdates "HTTP/1.1 200 OK"
2025-11-10 08:25:34,943 - httpx - INFO - HTTP Request: POST https://api.telegram.org/bot8556976404:AAH_Zxj-yWY9DRSWQVcn5FOq03_mgIim80o/sendMessage "HTTP/1.1 400 Bad Request"
2025-11-10 08:25:34,944 - thermo_agents.telegram.bot - ERROR - Error sending response: Can't parse entities: can't find end of the entity starting at byte offset 194
2025-11-10 08:25:35,044 - httpx - INFO - HTTP Request: POST https://api.telegram.org/bot8556976404:AAH_Zxj-yWY9DRSWQVcn5FOq03_mgIim80o/sendMessage "HTTP/1.1 200 OK"
2025-11-10 08:25:43,979 - httpx - INFO - HTTP Request: POST https://api.telegram.org/bot8556976404:AAH_Zxj-yWY9DRSWQVcn5FOq03_mgIim80o/getUpdates "HTTP/1.1 200 OK"
2025-11-10 08:25:54,054 - httpx - INFO - HTTP Request: POST https://api.telegram.org/bot8556976404:AAH_Zxj-yWY9DRSWQVcn5FOq03_mgIim80o/getUpdates "HTTP/1.1 200 OK"
2025-11-10 08:25:57,882 - httpx - INFO - HTTP Request: POST https://api.telegram.org/bot8556976404:AAH_Zxj-yWY9DRSWQVcn5FOq03_mgIim80o/getUpdates "HTTP/1.1 200 OK"
2025-11-10 08:26:02,894 - openai._base_client - INFO - Retrying request to /chat/completions in 0.469528 seconds
2025-11-10 08:26:04,298 - httpx - INFO - HTTP Request: POST https://openrouter.ai/api/v1/chat/completions "HTTP/1.1 200 OK"
2025-11-10 08:26:07,942 - httpx - INFO - HTTP Request: POST https://api.telegram.org/bot8556976404:AAH_Zxj-yWY9DRSWQVcn5FOq03_mgIim80o/getUpdates "HTTP/1.1 200 OK"
2025-11-10 08:26:10,465 - thermo_agents.thermodynamic_agent - INFO - Successfully extracted parameters for 4 compounds
2025-11-10 08:26:10,468 - thermo_agents.orchestrator - INFO - ═══ РАСЧЕТ РЕАКЦИИ: ZnO + S → ZnS + O2
2025-11-10 08:26:10,469 - thermo_agents.orchestrator - INFO - Стехиометрия: {'ZnO': -1.0, 'S': 0.0, 'ZnS': 1.0, 'O2': 1.0}
2025-11-10 08:26:10,484 - thermo_agents.search.database_connector - INFO - Successfully connected to database: data\thermo_data.db
2025-11-10 08:26:10,619 - thermo_agents.orchestrator - INFO - ✓ ZnO (стадия 1: формула + 'Zinc oxide'): найдено 64 записей
2025-11-10 08:26:10,625 - thermo_agents.orchestrator - INFO - ✓ ZnO: подготовлено 2 записей, coeff=-1.0 (БД (стадия 1))
2025-11-10 08:26:10,689 - thermo_agents.orchestrator - INFO - ✓ S (стадия 1: формула + 'Sulfur'): найдено 108 записей
2025-11-10 08:26:10,692 - thermo_agents.orchestrator - INFO - ✓ S: подготовлено 7 записей, coeff=0.0 (БД (стадия 1))
2025-11-10 08:26:10,744 - thermo_agents.orchestrator - INFO - ✓ ZnS (стадия 1: формула + 'Zinc sulfide'): найдено 27 записей
2025-11-10 08:26:10,748 - thermo_agents.orchestrator - INFO - ✓ ZnS: подготовлено 2 записей, coeff=1.0 (БД (стадия 1))
2025-11-10 08:26:10,748 - thermo_agents.orchestrator - INFO - ⚡ O2: найдено в YAML-кэше
2025-11-10 08:26:10,756 - thermo_agents.storage.static_data_manager.StaticDataManager - INFO - ✅ Loaded from YAML: O2 (3 phases)
2025-11-10 08:26:10,761 - thermo_agents.orchestrator - INFO - ✓ O2: подготовлено 3 записей, coeff=1.0 (YAML-кэш)
2025-11-10 08:26:10,777 - thermo_agents.orchestrator - INFO - ✓ Расчет завершен: 24 температурных точек
2025-11-10 08:26:10,807 - thermo_agents.telegram.bot - ERROR - Error sending response: Message.reply_document() got an unexpected keyword argument 'disable_web_page_preview'
2025-11-10 08:26:11,032 - httpx - INFO - HTTP Request: POST https://api.telegram.org/bot8556976404:AAH_Zxj-yWY9DRSWQVcn5FOq03_mgIim80o/sendMessage "HTTP/1.1 200 OK"
2025-11-10 08:26:17,999 - httpx - INFO - HTTP Request: POST https://api.telegram.org/bot8556976404:AAH_Zxj-yWY9DRSWQVcn5FOq03_mgIim80o/getUpdates "HTTP/1.1 200 OK"
2025-11-10 08:26:28,077 - httpx - INFO - HTTP Request: POST https://api.telegram.org/bot8556976404:AAH_Zxj-yWY9DRSWQVcn5FOq03_mgIim80o/getUpdates "HTTP/1.1 200 OK"
2025-11-10 08:28:40,334 - thermo_agents.telegram.bot - INFO - Initializing ThermoSystem Telegram Bot...
2025-11-10 08:28:40,334 - thermo_agents.orchestrator - INFO - Инициализация оркестратора с core-логикой (Этап 2)
2025-11-10 08:28:40,609 - thermo_agents.thermodynamic_agent - INFO - ThermodynamicAgent 'thermo_agent' initialized
2025-11-10 08:28:40,609 - thermo_agents.orchestrator - INFO - ✅ ThermodynamicAgent инициализирован
2025-11-10 08:28:40,609 - thermo_agents.search.database_connector - INFO - DatabaseConnector initialized with path: data\thermo_data.db
2025-11-10 08:28:40,609 - thermo_agents.orchestrator - INFO - ✅ DatabaseConnector инициализирован: data\thermo_data.db
2025-11-10 08:28:40,609 - thermo_agents.storage.static_data_manager.StaticDataManager - INFO - StaticDataManager initialized: data\static_compounds
2025-11-10 08:28:40,610 - thermo_agents.orchestrator - INFO - ✅ StaticDataManager инициализирован: 10 веществ
2025-11-10 08:28:40,610 - thermo_agents.orchestrator - INFO - ✅ Core-логика компоненты инициализированы
2025-11-10 08:28:40,610 - thermo_agents.orchestrator - INFO - ✅ Новые форматтеры инициализированы (Этап 3)
2025-11-10 08:28:40,610 - thermo_agents.telegram.thermo_adapter - INFO - ThermoOrchestrator успешно инициализирован
2025-11-10 08:28:41,093 - thermo_agents.telegram.bot - INFO - Bot initialized successfully
2025-11-10 08:28:41,093 - thermo_agents.telegram.bot - INFO - Starting bot in polling mode...
2025-11-10 08:28:52,368 - httpx - INFO - HTTP Request: POST https://api.telegram.org/bot8556976404:AAH_Zxj-yWY9DRSWQVcn5FOq03_mgIim80o/getMe "HTTP/1.1 200 OK"
2025-11-10 08:28:52,369 - telegram.ext.Application - INFO - Application started
2025-11-10 08:28:52,447 - httpx - INFO - HTTP Request: POST https://api.telegram.org/bot8556976404:AAH_Zxj-yWY9DRSWQVcn5FOq03_mgIim80o/deleteWebhook "HTTP/1.1 200 OK"
2025-11-10 08:28:52,447 - thermo_agents.telegram.bot - INFO - ✅ Bot started successfully! Listening for updates...
2025-11-10 08:28:58,895 - httpx - INFO - HTTP Request: POST https://api.telegram.org/bot8556976404:AAH_Zxj-yWY9DRSWQVcn5FOq03_mgIim80o/getUpdates "HTTP/1.1 200 OK"
2025-11-10 08:29:00,914 - httpx - INFO - HTTP Request: POST https://openrouter.ai/api/v1/chat/completions "HTTP/1.1 200 OK"
2025-11-10 08:29:09,126 - httpx - INFO - HTTP Request: POST https://api.telegram.org/bot8556976404:AAH_Zxj-yWY9DRSWQVcn5FOq03_mgIim80o/getUpdates "HTTP/1.1 200 OK"
2025-11-10 08:29:09,492 - httpx - INFO - HTTP Request: POST https://openrouter.ai/api/v1/chat/completions "HTTP/1.1 200 OK"
2025-11-10 08:29:10,171 - httpx - INFO - HTTP Request: POST https://openrouter.ai/api/v1/chat/completions "HTTP/1.1 200 OK"
2025-11-10 08:29:16,352 - thermo_agents.thermodynamic_agent - INFO - Successfully extracted parameters for 4 compounds
2025-11-10 08:29:16,355 - thermo_agents.orchestrator - INFO - ═══ РАСЧЕТ РЕАКЦИИ: ZnO + S → ZnS + O2
2025-11-10 08:29:16,356 - thermo_agents.orchestrator - INFO - Стехиометрия: {'ZnO': -1.0, 'S': 0.0, 'ZnS': 1.0, 'O2': 1.0}
2025-11-10 08:29:16,357 - thermo_agents.search.database_connector - INFO - Successfully connected to database: data\thermo_data.db
2025-11-10 08:29:16,431 - thermo_agents.orchestrator - INFO - ✓ ZnO (стадия 1: формула + 'Zinc oxide'): найдено 64 записей
2025-11-10 08:29:16,434 - thermo_agents.orchestrator - INFO - ✓ ZnO: подготовлено 2 записей, coeff=-1.0 (БД (стадия 1))
2025-11-10 08:29:16,495 - thermo_agents.orchestrator - INFO - ✓ S (стадия 1: формула + 'Sulfur'): найдено 108 записей
2025-11-10 08:29:16,499 - thermo_agents.orchestrator - INFO - ✓ S: подготовлено 7 записей, coeff=0.0 (БД (стадия 1))
2025-11-10 08:29:16,556 - thermo_agents.orchestrator - INFO - ✓ ZnS (стадия 1: формула + 'Zinc sulfide'): найдено 27 записей
2025-11-10 08:29:16,559 - thermo_agents.orchestrator - INFO - ✓ ZnS: подготовлено 2 записей, coeff=1.0 (БД (стадия 1))
2025-11-10 08:29:16,561 - thermo_agents.orchestrator - INFO - ⚡ O2: найдено в YAML-кэше
2025-11-10 08:29:16,564 - thermo_agents.storage.static_data_manager.StaticDataManager - INFO - ✅ Loaded from YAML: O2 (3 phases)
2025-11-10 08:29:16,570 - thermo_agents.orchestrator - INFO - ✓ O2: подготовлено 3 записей, coeff=1.0 (YAML-кэш)
2025-11-10 08:29:16,586 - thermo_agents.orchestrator - INFO - ✓ Расчет завершен: 24 температурных точек
2025-11-10 08:29:19,198 - httpx - INFO - HTTP Request: POST https://api.telegram.org/bot8556976404:AAH_Zxj-yWY9DRSWQVcn5FOq03_mgIim80o/getUpdates "HTTP/1.1 200 OK"
2025-11-10 08:29:27,986 - httpx - INFO - HTTP Request: POST https://api.telegram.org/bot8556976404:AAH_Zxj-yWY9DRSWQVcn5FOq03_mgIim80o/sendDocument "HTTP/1.1 200 OK"
2025-11-10 08:29:29,260 - httpx - INFO - HTTP Request: POST https://api.telegram.org/bot8556976404:AAH_Zxj-yWY9DRSWQVcn5FOq03_mgIim80o/getUpdates "HTTP/1.1 200 OK"
2025-11-10 08:29:39,320 - httpx - INFO - HTTP Request: POST https://api.telegram.org/bot8556976404:AAH_Zxj-yWY9DRSWQVcn5FOq03_mgIim80o/getUpdates "HTTP/1.1 200 OK"
2025-11-10 08:29:49,387 - httpx - INFO - HTTP Request: POST https://api.telegram.org/bot8556976404:AAH_Zxj-yWY9DRSWQVcn5FOq03_mgIim80o/getUpdates "HTTP/1.1 200 OK"
2025-11-10 08:29:59,469 - httpx - INFO - HTTP Request: POST https://api.telegram.org/bot8556976404:AAH_Zxj-yWY9DRSWQVcn5FOq03_mgIim80o/getUpdates "HTTP/1.1 200 OK"
2025-11-10 08:30:09,559 - httpx - INFO - HTTP Request: POST https://api.telegram.org/bot8556976404:AAH_Zxj-yWY9DRSWQVcn5FOq03_mgIim80o/getUpdates "HTTP/1.1 200 OK"
2025-11-10 08:30:19,632 - httpx - INFO - HTTP Request: POST https://api.telegram.org/bot8556976404:AAH_Zxj-yWY9DRSWQVcn5FOq03_mgIim80o/getUpdates "HTTP/1.1 200 OK"
2025-11-10 08:30:29,682 - httpx - INFO - HTTP Request: POST https://api.telegram.org/bot8556976404:AAH_Zxj-yWY9DRSWQVcn5FOq03_mgIim80o/getUpdates "HTTP/1.1 200 OK"
2025-11-10 08:30:39,761 - httpx - INFO - HTTP Request: POST https://api.telegram.org/bot8556976404:AAH_Zxj-yWY9DRSWQVcn5FOq03_mgIim80o/getUpdates "HTTP/1.1 200 OK"
2025-11-10 08:30:49,835 - httpx - INFO - HTTP Request: POST https://api.telegram.org/bot8556976404:AAH_Zxj-yWY9DRSWQVcn5FOq03_mgIim80o/getUpdates "HTTP/1.1 200 OK"
2025-11-10 08:30:59,985 - httpx - INFO - HTTP Request: POST https://api.telegram.org/bot8556976404:AAH_Zxj-yWY9DRSWQVcn5FOq03_mgIim80o/getUpdates "HTTP/1.1 200 OK"
2025-11-10 08:31:10,097 - httpx - INFO - HTTP Request: POST https://api.telegram.org/bot8556976404:AAH_Zxj-yWY9DRSWQVcn5FOq03_mgIim80o/getUpdates "HTTP/1.1 200 OK"
2025-11-10 08:31:20,165 - httpx - INFO - HTTP Request: POST https://api.telegram.org/bot8556976404:AAH_Zxj-yWY9DRSWQVcn5FOq03_mgIim80o/getUpdates "HTTP/1.1 200 OK"
2025-11-10 08:31:30,271 - httpx - INFO - HTTP Request: POST https://api.telegram.org/bot8556976404:AAH_Zxj-yWY9DRSWQVcn5FOq03_mgIim80o/getUpdates "HTTP/1.1 200 OK"
2025-11-10 08:31:40,334 - httpx - INFO - HTTP Request: POST https://api.telegram.org/bot8556976404:AAH_Zxj-yWY9DRSWQVcn5FOq03_mgIim80o/getUpdates "HTTP/1.1 200 OK"
2025-11-10 08:31:50,394 - httpx - INFO - HTTP Request: POST https://api.telegram.org/bot8556976404:AAH_Zxj-yWY9DRSWQVcn5FOq03_mgIim80o/getUpdates "HTTP/1.1 200 OK"
2025-11-10 08:32:00,479 - httpx - INFO - HTTP Request: POST https://api.telegram.org/bot8556976404:AAH_Zxj-yWY9DRSWQVcn5FOq03_mgIim80o/getUpdates "HTTP/1.1 200 OK"
2025-11-10 08:32:10,540 - httpx - INFO - HTTP Request: POST https://api.telegram.org/bot8556976404:AAH_Zxj-yWY9DRSWQVcn5FOq03_mgIim80o/getUpdates "HTTP/1.1 200 OK"
2025-11-10 08:32:20,623 - httpx - INFO - HTTP Request: POST https://api.telegram.org/bot8556976404:AAH_Zxj-yWY9DRSWQVcn5FOq03_mgIim80o/getUpdates "HTTP/1.1 200 OK"
2025-11-10 08:32:30,685 - httpx - INFO - HTTP Request: POST https://api.telegram.org/bot8556976404:AAH_Zxj-yWY9DRSWQVcn5FOq03_mgIim80o/getUpdates "HTTP/1.1 200 OK"
2025-11-10 16:51:46,127 - thermo_agents.telegram.bot - INFO - Initializing ThermoSystem Telegram Bot...
2025-11-10 16:51:46,127 - thermo_agents.orchestrator - INFO - Инициализация оркестратора с core-логикой (Этап 2)
2025-11-10 16:51:46,388 - thermo_agents.thermodynamic_agent - INFO - ThermodynamicAgent 'thermo_agent' initialized
2025-11-10 16:51:46,390 - thermo_agents.orchestrator - INFO - ✅ ThermodynamicAgent инициализирован
2025-11-10 16:51:46,390 - thermo_agents.search.database_connector - INFO - DatabaseConnector initialized with path: data\thermo_data.db
2025-11-10 16:51:46,390 - thermo_agents.orchestrator - INFO - ✅ DatabaseConnector инициализирован: data\thermo_data.db
2025-11-10 16:51:46,391 - thermo_agents.storage.static_data_manager.StaticDataManager - INFO - StaticDataManager initialized: data\static_compounds
2025-11-10 16:51:46,391 - thermo_agents.orchestrator - INFO - ✅ StaticDataManager инициализирован: 10 веществ
2025-11-10 16:51:46,391 - thermo_agents.orchestrator - INFO - ✅ Core-логика компоненты инициализированы
2025-11-10 16:51:46,392 - thermo_agents.orchestrator - INFO - ✅ Новые форматтеры инициализированы (Этап 3)
2025-11-10 16:51:46,392 - thermo_agents.telegram.thermo_adapter - INFO - ThermoOrchestrator успешно инициализирован
2025-11-10 16:51:46,849 - thermo_agents.telegram.bot - INFO - Bot initialized successfully
2025-11-10 16:51:46,850 - thermo_agents.telegram.bot - INFO - Starting bot in polling mode...
2025-11-10 16:51:47,106 - httpx - INFO - HTTP Request: POST https://api.telegram.org/bot8556976404:AAH_Zxj-yWY9DRSWQVcn5FOq03_mgIim80o/getMe "HTTP/1.1 200 OK"
2025-11-10 16:51:47,107 - telegram.ext.Application - INFO - Application started
2025-11-10 16:51:47,199 - httpx - INFO - HTTP Request: POST https://api.telegram.org/bot8556976404:AAH_Zxj-yWY9DRSWQVcn5FOq03_mgIim80o/deleteWebhook "HTTP/1.1 200 OK"
2025-11-10 16:51:47,200 - thermo_agents.telegram.bot - INFO - ✅ Bot started successfully! Listening for updates...
2025-11-10 16:51:57,361 - httpx - INFO - HTTP Request: POST https://api.telegram.org/bot8556976404:AAH_Zxj-yWY9DRSWQVcn5FOq03_mgIim80o/getUpdates "HTTP/1.1 200 OK"
2025-11-10 16:52:07,420 - httpx - INFO - HTTP Request: POST https://api.telegram.org/bot8556976404:AAH_Zxj-yWY9DRSWQVcn5FOq03_mgIim80o/getUpdates "HTTP/1.1 200 OK"
2025-11-10 16:52:10,759 - httpx - INFO - HTTP Request: POST https://api.telegram.org/bot8556976404:AAH_Zxj-yWY9DRSWQVcn5FOq03_mgIim80o/getUpdates "HTTP/1.1 200 OK"
2025-11-10 16:52:11,053 - httpx - INFO - HTTP Request: POST https://api.telegram.org/bot8556976404:AAH_Zxj-yWY9DRSWQVcn5FOq03_mgIim80o/sendMessage "HTTP/1.1 200 OK"
2025-11-10 16:52:20,192 - httpx - INFO - HTTP Request: POST https://api.telegram.org/bot8556976404:AAH_Zxj-yWY9DRSWQVcn5FOq03_mgIim80o/getUpdates "HTTP/1.1 200 OK"
2025-11-10 16:52:23,747 - httpx - INFO - HTTP Request: POST https://openrouter.ai/api/v1/chat/completions "HTTP/1.1 200 OK"
2025-11-10 16:52:28,578 - httpx - INFO - HTTP Request: POST https://openrouter.ai/api/v1/chat/completions "HTTP/1.1 200 OK"
2025-11-10 16:52:30,421 - httpx - INFO - HTTP Request: POST https://api.telegram.org/bot8556976404:AAH_Zxj-yWY9DRSWQVcn5FOq03_mgIim80o/getUpdates "HTTP/1.1 200 OK"
2025-11-10 16:52:32,198 - httpx - INFO - HTTP Request: POST https://openrouter.ai/api/v1/chat/completions "HTTP/1.1 200 OK"
2025-11-10 16:52:33,184 - httpx - INFO - HTTP Request: POST https://openrouter.ai/api/v1/chat/completions "HTTP/1.1 200 OK"
2025-11-10 16:52:35,125 - thermo_agents.thermodynamic_agent - INFO - Successfully extracted parameters for 4 compounds
2025-11-10 16:52:35,128 - thermo_agents.orchestrator - INFO - ═══ РАСЧЕТ РЕАКЦИИ: 2ZnO + S → 2Zn + SO2
2025-11-10 16:52:35,129 - thermo_agents.orchestrator - INFO - Стехиометрия: {'ZnO': -2.0, 'S': -1.0, 'SO2': 1.0, 'Zn': 2.0}
2025-11-10 16:52:35,139 - thermo_agents.search.database_connector - INFO - Successfully connected to database: data\thermo_data.db
2025-11-10 16:52:35,276 - thermo_agents.orchestrator - INFO - ✓ ZnO (стадия 1: формула + 'Zinc oxide'): найдено 64 записей
2025-11-10 16:52:35,283 - thermo_agents.orchestrator - INFO - ✓ ZnO: подготовлено 2 записей, coeff=-2.0 (БД (стадия 1))
2025-11-10 16:52:35,341 - thermo_agents.orchestrator - INFO - ✓ S (стадия 1: формула + 'Sulfur'): найдено 108 записей
2025-11-10 16:52:35,345 - thermo_agents.orchestrator - INFO - ✓ S: подготовлено 7 записей, coeff=-1.0 (БД (стадия 1))
2025-11-10 16:52:35,402 - thermo_agents.orchestrator - INFO - ✓ Zn (стадия 1: формула + 'Zinc'): найдено 58 записей
2025-11-10 16:52:35,408 - thermo_agents.orchestrator - INFO - ✓ Zn: подготовлено 4 записей, coeff=2.0 (БД (стадия 1))
2025-11-10 16:52:35,469 - thermo_agents.orchestrator - INFO - ✓ SO2 (стадия 1: формула + 'Sulfur dioxide'): найдено 1010 записей
2025-11-10 16:52:35,474 - thermo_agents.orchestrator - INFO - ✓ SO2: подготовлено 3 записей, coeff=1.0 (БД (стадия 1))
2025-11-10 16:52:35,495 - thermo_agents.orchestrator - INFO - ✓ Расчет завершен: 24 температурных точек
2025-11-10 16:52:35,950 - httpx - INFO - HTTP Request: POST https://api.telegram.org/bot8556976404:AAH_Zxj-yWY9DRSWQVcn5FOq03_mgIim80o/sendDocument "HTTP/1.1 200 OK"
2025-11-10 16:52:40,475 - httpx - INFO - HTTP Request: POST https://api.telegram.org/bot8556976404:AAH_Zxj-yWY9DRSWQVcn5FOq03_mgIim80o/getUpdates "HTTP/1.1 200 OK"
2025-11-10 16:52:50,557 - httpx - INFO - HTTP Request: POST https://api.telegram.org/bot8556976404:AAH_Zxj-yWY9DRSWQVcn5FOq03_mgIim80o/getUpdates "HTTP/1.1 200 OK"
2025-11-10 16:53:00,610 - httpx - INFO - HTTP Request: POST https://api.telegram.org/bot8556976404:AAH_Zxj-yWY9DRSWQVcn5FOq03_mgIim80o/getUpdates "HTTP/1.1 200 OK"
2025-11-10 16:53:10,661 - httpx - INFO - HTTP Request: POST https://api.telegram.org/bot8556976404:AAH_Zxj-yWY9DRSWQVcn5FOq03_mgIim80o/getUpdates "HTTP/1.1 200 OK"
2025-11-10 16:53:20,757 - httpx - INFO - HTTP Request: POST https://api.telegram.org/bot8556976404:AAH_Zxj-yWY9DRSWQVcn5FOq03_mgIim80o/getUpdates "HTTP/1.1 200 OK"
2025-11-10 16:53:30,827 - httpx - INFO - HTTP Request: POST https://api.telegram.org/bot8556976404:AAH_Zxj-yWY9DRSWQVcn5FOq03_mgIim80o/getUpdates "HTTP/1.1 200 OK"
2025-11-10 16:53:40,911 - httpx - INFO - HTTP Request: POST https://api.telegram.org/bot8556976404:AAH_Zxj-yWY9DRSWQVcn5FOq03_mgIim80o/getUpdates "HTTP/1.1 200 OK"
2025-11-10 16:53:51,013 - httpx - INFO - HTTP Request: POST https://api.telegram.org/bot8556976404:AAH_Zxj-yWY9DRSWQVcn5FOq03_mgIim80o/getUpdates "HTTP/1.1 200 OK"
2025-11-10 16:54:01,067 - httpx - INFO - HTTP Request: POST https://api.telegram.org/bot8556976404:AAH_Zxj-yWY9DRSWQVcn5FOq03_mgIim80o/getUpdates "HTTP/1.1 200 OK"
2025-11-10 16:54:11,126 - httpx - INFO - HTTP Request: POST https://api.telegram.org/bot8556976404:AAH_Zxj-yWY9DRSWQVcn5FOq03_mgIim80o/getUpdates "HTTP/1.1 200 OK"
2025-11-10 16:54:21,177 - httpx - INFO - HTTP Request: POST https://api.telegram.org/bot8556976404:AAH_Zxj-yWY9DRSWQVcn5FOq03_mgIim80o/getUpdates "HTTP/1.1 200 OK"
2025-11-10 16:54:31,232 - httpx - INFO - HTTP Request: POST https://api.telegram.org/bot8556976404:AAH_Zxj-yWY9DRSWQVcn5FOq03_mgIim80o/getUpdates "HTTP/1.1 200 OK"
2025-11-11 03:46:36,901 - thermo_agents.telegram.bot - INFO - Initializing ThermoSystem Telegram Bot...
2025-11-11 03:46:36,902 - thermo_agents.orchestrator - INFO - Инициализация оркестратора с core-логикой (Этап 2)
2025-11-11 03:46:37,259 - thermo_agents.thermodynamic_agent - INFO - ThermodynamicAgent 'thermo_agent' initialized
2025-11-11 03:46:37,259 - thermo_agents.orchestrator - INFO - ✅ ThermodynamicAgent инициализирован
2025-11-11 03:46:37,259 - thermo_agents.search.database_connector - INFO - DatabaseConnector initialized with path: data\thermo_data.db
2025-11-11 03:46:37,259 - thermo_agents.orchestrator - INFO - ✅ DatabaseConnector инициализирован: data\thermo_data.db
2025-11-11 03:46:37,261 - thermo_agents.storage.static_data_manager.StaticDataManager - INFO - StaticDataManager initialized: data\static_compounds
2025-11-11 03:46:37,261 - thermo_agents.orchestrator - INFO - ✅ StaticDataManager инициализирован: 10 веществ
2025-11-11 03:46:37,261 - thermo_agents.orchestrator - INFO - ✅ Core-логика компоненты инициализированы
2025-11-11 03:46:37,261 - thermo_agents.orchestrator - INFO - ✅ Новые форматтеры инициализированы (Этап 3)
2025-11-11 03:46:37,262 - thermo_agents.telegram.thermo_adapter - INFO - ThermoOrchestrator успешно инициализирован
2025-11-11 03:46:37,727 - thermo_agents.telegram.bot - INFO - Bot initialized successfully
2025-11-11 03:46:37,728 - thermo_agents.telegram.bot - INFO - Starting bot in polling mode...
2025-11-11 03:46:38,018 - httpx - INFO - HTTP Request: POST https://api.telegram.org/bot8556976404:AAH_Zxj-yWY9DRSWQVcn5FOq03_mgIim80o/getMe "HTTP/1.1 200 OK"
2025-11-11 03:46:38,018 - telegram.ext.Application - INFO - Application started
2025-11-11 03:46:38,081 - httpx - INFO - HTTP Request: POST https://api.telegram.org/bot8556976404:AAH_Zxj-yWY9DRSWQVcn5FOq03_mgIim80o/deleteWebhook "HTTP/1.1 200 OK"
2025-11-11 03:46:38,082 - thermo_agents.telegram.bot - INFO - ✅ Bot started successfully! Listening for updates...
2025-11-11 03:46:48,351 - httpx - INFO - HTTP Request: POST https://api.telegram.org/bot8556976404:AAH_Zxj-yWY9DRSWQVcn5FOq03_mgIim80o/getUpdates "HTTP/1.1 200 OK"
2025-11-11 03:46:57,999 - httpx - INFO - HTTP Request: POST https://api.telegram.org/bot8556976404:AAH_Zxj-yWY9DRSWQVcn5FOq03_mgIim80o/getUpdates "HTTP/1.1 200 OK"
2025-11-11 03:47:00,624 - httpx - INFO - HTTP Request: POST https://openrouter.ai/api/v1/chat/completions "HTTP/1.1 200 OK"
2025-11-11 03:47:02,148 - thermo_agents.thermodynamic_agent - INFO - Successfully extracted parameters for 4 compounds
2025-11-11 03:47:02,150 - thermo_agents.orchestrator - INFO - ═══ РАСЧЕТ РЕАКЦИИ: ZnO + S → ZnS + O2
2025-11-11 03:47:02,150 - thermo_agents.orchestrator - INFO - Стехиометрия: {'ZnO': -1.0, 'S': 0.0, 'ZnS': 1.0, 'O2': 1.0}
2025-11-11 03:47:02,157 - thermo_agents.search.database_connector - INFO - Successfully connected to database: data\thermo_data.db
2025-11-11 03:47:02,294 - thermo_agents.orchestrator - INFO - ✓ ZnO (стадия 1: формула + 'Zinc oxide'): найдено 64 записей
2025-11-11 03:47:02,301 - thermo_agents.orchestrator - INFO - ✓ ZnO: подготовлено 2 записей, coeff=-1.0 (БД (стадия 1))
2025-11-11 03:47:02,358 - thermo_agents.orchestrator - INFO - ✓ S (стадия 1: формула + 'Sulfur'): найдено 108 записей
2025-11-11 03:47:02,362 - thermo_agents.orchestrator - INFO - ✓ S: подготовлено 7 записей, coeff=0.0 (БД (стадия 1))
2025-11-11 03:47:02,419 - thermo_agents.orchestrator - INFO - ✓ ZnS (стадия 1: формула + 'Zinc sulfide'): найдено 27 записей
2025-11-11 03:47:02,428 - thermo_agents.orchestrator - INFO - ✓ ZnS: подготовлено 2 записей, coeff=1.0 (БД (стадия 1))
2025-11-11 03:47:02,429 - thermo_agents.orchestrator - INFO - ⚡ O2: найдено в YAML-кэше
2025-11-11 03:47:02,440 - thermo_agents.storage.static_data_manager.StaticDataManager - INFO - ✅ Loaded from YAML: O2 (3 phases)
2025-11-11 03:47:02,445 - thermo_agents.orchestrator - INFO - ✓ O2: подготовлено 3 записей, coeff=1.0 (YAML-кэш)
2025-11-11 03:47:02,465 - thermo_agents.orchestrator - INFO - ✓ Расчет завершен: 24 температурных точек
2025-11-11 03:47:02,870 - httpx - INFO - HTTP Request: POST https://api.telegram.org/bot8556976404:AAH_Zxj-yWY9DRSWQVcn5FOq03_mgIim80o/sendDocument "HTTP/1.1 200 OK"
2025-11-11 03:47:09,379 - httpx - INFO - HTTP Request: POST https://api.telegram.org/bot8556976404:AAH_Zxj-yWY9DRSWQVcn5FOq03_mgIim80o/getUpdates "HTTP/1.1 200 OK"
2025-11-11 03:47:19,619 - httpx - INFO - HTTP Request: POST https://api.telegram.org/bot8556976404:AAH_Zxj-yWY9DRSWQVcn5FOq03_mgIim80o/getUpdates "HTTP/1.1 200 OK"
2025-11-11 03:47:29,757 - httpx - INFO - HTTP Request: POST https://api.telegram.org/bot8556976404:AAH_Zxj-yWY9DRSWQVcn5FOq03_mgIim80o/getUpdates "HTTP/1.1 200 OK"
2025-11-11 03:47:39,890 - httpx - INFO - HTTP Request: POST https://api.telegram.org/bot8556976404:AAH_Zxj-yWY9DRSWQVcn5FOq03_mgIim80o/getUpdates "HTTP/1.1 200 OK"
2025-11-11 03:47:49,940 - httpx - INFO - HTTP Request: POST https://api.telegram.org/bot8556976404:AAH_Zxj-yWY9DRSWQVcn5FOq03_mgIim80o/getUpdates "HTTP/1.1 200 OK"
2025-11-11 03:47:59,982 - httpx - INFO - HTTP Request: POST https://api.telegram.org/bot8556976404:AAH_Zxj-yWY9DRSWQVcn5FOq03_mgIim80o/getUpdates "HTTP/1.1 200 OK"
2025-11-11 03:48:10,038 - httpx - INFO - HTTP Request: POST https://api.telegram.org/bot8556976404:AAH_Zxj-yWY9DRSWQVcn5FOq03_mgIim80o/getUpdates "HTTP/1.1 200 OK"
2025-11-11 03:48:20,098 - httpx - INFO - HTTP Request: POST https://api.telegram.org/bot8556976404:AAH_Zxj-yWY9DRSWQVcn5FOq03_mgIim80o/getUpdates "HTTP/1.1 200 OK"
2025-11-11 04:31:35,361 - thermo_agents.telegram.bot - INFO - Initializing ThermoSystem Telegram Bot...
2025-11-11 04:31:35,361 - thermo_agents.orchestrator - INFO - Инициализация оркестратора с core-логикой (Этап 2)
2025-11-11 04:31:35,649 - thermo_agents.thermodynamic_agent - INFO - ThermodynamicAgent 'thermo_agent' initialized
2025-11-11 04:31:35,650 - thermo_agents.orchestrator - INFO - ✅ ThermodynamicAgent инициализирован
2025-11-11 04:31:35,651 - thermo_agents.search.database_connector - INFO - DatabaseConnector initialized with path: data\thermo_data.db
2025-11-11 04:31:35,651 - thermo_agents.orchestrator - INFO - ✅ DatabaseConnector инициализирован: data\thermo_data.db
2025-11-11 04:31:35,651 - thermo_agents.storage.static_data_manager.StaticDataManager - INFO - StaticDataManager initialized: data\static_compounds
2025-11-11 04:31:35,652 - thermo_agents.orchestrator - INFO - ✅ StaticDataManager инициализирован: 10 веществ
2025-11-11 04:31:35,652 - thermo_agents.orchestrator - INFO - ✅ Core-логика компоненты инициализированы
2025-11-11 04:31:35,652 - thermo_agents.orchestrator - INFO - ✅ Новые форматтеры инициализированы (Этап 3)
2025-11-11 04:31:35,652 - thermo_agents.telegram.thermo_adapter - INFO - ThermoOrchestrator успешно инициализирован
2025-11-11 04:31:36,105 - thermo_agents.telegram.bot - INFO - Bot initialized successfully
2025-11-11 04:31:36,105 - thermo_agents.telegram.bot - INFO - Starting bot in polling mode...
2025-11-11 04:31:36,317 - httpx - INFO - HTTP Request: POST https://api.telegram.org/bot8556976404:AAH_Zxj-yWY9DRSWQVcn5FOq03_mgIim80o/getMe "HTTP/1.1 200 OK"
2025-11-11 04:31:36,319 - telegram.ext.Application - INFO - Application started
2025-11-11 04:31:36,371 - httpx - INFO - HTTP Request: POST https://api.telegram.org/bot8556976404:AAH_Zxj-yWY9DRSWQVcn5FOq03_mgIim80o/deleteWebhook "HTTP/1.1 200 OK"
2025-11-11 04:31:36,372 - thermo_agents.telegram.bot - INFO - ✅ Bot started successfully! Listening for updates...
2025-11-11 04:31:44,753 - httpx - INFO - HTTP Request: POST https://api.telegram.org/bot8556976404:AAH_Zxj-yWY9DRSWQVcn5FOq03_mgIim80o/getUpdates "HTTP/1.1 200 OK"
2025-11-11 04:31:46,642 - httpx - INFO - HTTP Request: POST https://openrouter.ai/api/v1/chat/completions "HTTP/1.1 200 OK"
2025-11-11 04:31:48,279 - thermo_agents.thermodynamic_agent - INFO - Successfully extracted parameters for 4 compounds
2025-11-11 04:31:48,280 - thermo_agents.orchestrator - INFO - ═══ РАСЧЕТ РЕАКЦИИ: ZnO + S → ZnS + O2
2025-11-11 04:31:48,281 - thermo_agents.orchestrator - INFO - Стехиометрия: {'ZnO': -1.0, 'S': 0.0, 'ZnS': 1.0, 'O2': 1.0}
2025-11-11 04:31:48,283 - thermo_agents.search.database_connector - INFO - Successfully connected to database: data\thermo_data.db
2025-11-11 04:31:48,353 - thermo_agents.orchestrator - INFO - ✓ ZnO (стадия 1: формула + 'Zinc oxide'): найдено 64 записей
2025-11-11 04:31:48,357 - thermo_agents.orchestrator - INFO - ✓ ZnO: подготовлено 2 записей, coeff=-1.0 (БД (стадия 1))
2025-11-11 04:31:48,411 - thermo_agents.orchestrator - INFO - ✓ S (стадия 1: формула + 'Sulfur'): найдено 108 записей
2025-11-11 04:31:48,414 - thermo_agents.orchestrator - INFO - ✓ S: подготовлено 7 записей, coeff=0.0 (БД (стадия 1))
2025-11-11 04:31:48,467 - thermo_agents.orchestrator - INFO - ✓ ZnS (стадия 1: формула + 'Zinc sulfide'): найдено 27 записей
2025-11-11 04:31:48,469 - thermo_agents.orchestrator - INFO - ✓ ZnS: подготовлено 2 записей, coeff=1.0 (БД (стадия 1))
2025-11-11 04:31:48,470 - thermo_agents.orchestrator - INFO - ⚡ O2: найдено в YAML-кэше
2025-11-11 04:31:48,474 - thermo_agents.storage.static_data_manager.StaticDataManager - INFO - ✅ Loaded from YAML: O2 (3 phases)
2025-11-11 04:31:48,482 - thermo_agents.orchestrator - INFO - ✓ O2: подготовлено 3 записей, coeff=1.0 (YAML-кэш)
2025-11-11 04:31:48,499 - thermo_agents.orchestrator - INFO - ✓ Расчет завершен: 24 температурных точек
2025-11-11 04:31:48,914 - httpx - INFO - HTTP Request: POST https://api.telegram.org/bot8556976404:AAH_Zxj-yWY9DRSWQVcn5FOq03_mgIim80o/sendDocument "HTTP/1.1 200 OK"
2025-11-11 04:31:55,153 - httpx - INFO - HTTP Request: POST https://api.telegram.org/bot8556976404:AAH_Zxj-yWY9DRSWQVcn5FOq03_mgIim80o/getUpdates "HTTP/1.1 200 OK"
2025-11-11 04:54:14,604 - thermo_agents.telegram.bot - INFO - Initializing ThermoSystem Telegram Bot...
2025-11-11 04:54:14,604 - thermo_agents.orchestrator - INFO - Инициализация оркестратора с core-логикой (Этап 2)
2025-11-11 04:54:14,867 - thermo_agents.thermodynamic_agent - INFO - ThermodynamicAgent 'thermo_agent' initialized
2025-11-11 04:54:14,867 - thermo_agents.orchestrator - INFO - ✅ ThermodynamicAgent инициализирован
2025-11-11 04:54:14,868 - thermo_agents.search.database_connector - INFO - DatabaseConnector initialized with path: data\thermo_data.db
2025-11-11 04:54:14,868 - thermo_agents.orchestrator - INFO - ✅ DatabaseConnector инициализирован: data\thermo_data.db
2025-11-11 04:54:14,868 - thermo_agents.storage.static_data_manager.StaticDataManager - INFO - StaticDataManager initialized: data\static_compounds
2025-11-11 04:54:14,869 - thermo_agents.orchestrator - INFO - ✅ StaticDataManager инициализирован: 10 веществ
2025-11-11 04:54:14,869 - thermo_agents.orchestrator - INFO - ✅ Core-логика компоненты инициализированы
2025-11-11 04:54:14,869 - thermo_agents.orchestrator - INFO - ✅ Новые форматтеры инициализированы (Этап 3)
2025-11-11 04:54:14,870 - thermo_agents.telegram.thermo_adapter - INFO - ThermoOrchestrator успешно инициализирован
2025-11-11 04:54:15,303 - thermo_agents.telegram.bot - INFO - Bot initialized successfully
2025-11-11 04:54:15,303 - thermo_agents.telegram.bot - INFO - Starting bot in polling mode...
2025-11-11 04:54:26,620 - httpx - INFO - HTTP Request: POST https://api.telegram.org/bot8556976404:AAH_Zxj-yWY9DRSWQVcn5FOq03_mgIim80o/getMe "HTTP/1.1 200 OK"
2025-11-11 04:54:26,621 - telegram.ext.Application - INFO - Application started
2025-11-11 04:54:26,670 - httpx - INFO - HTTP Request: POST https://api.telegram.org/bot8556976404:AAH_Zxj-yWY9DRSWQVcn5FOq03_mgIim80o/deleteWebhook "HTTP/1.1 200 OK"
2025-11-11 04:54:26,671 - thermo_agents.telegram.bot - INFO - ✅ Bot started successfully! Listening for updates...
